0 info it worked if it ends with ok
1 verbose cli [ 'C:\\Program Files\\nodejs\\node.exe',
1 verbose cli   'C:\\Program Files\\nodejs\\node_modules\\npm\\bin\\npm-cli.js',
1 verbose cli   'install',
1 verbose cli   'npm@lates',
1 verbose cli   '-g' ]
2 info using npm@2.7.4
3 info using node@v0.12.2
4 silly cache add args [ 'npm@lates', null ]
5 verbose cache add spec npm@lates
6 silly cache add parsed spec { raw: 'npm@lates',
6 silly cache add   scope: null,
6 silly cache add   name: 'npm',
6 silly cache add   rawSpec: 'lates',
6 silly cache add   spec: 'lates',
6 silly cache add   type: 'tag' }
7 verbose addNamed npm@lates
8 silly addNamed semver.valid null
9 silly addNamed semver.validRange null
10 info addNameTag [ 'npm', 'lates' ]
11 silly mapToRegistry name npm
12 silly mapToRegistry using default registry
13 silly mapToRegistry registry https://registry.npmjs.org/
14 silly mapToRegistry uri https://registry.npmjs.org/npm
15 verbose addNameTag registry:https://registry.npmjs.org/npm not in flight; fetching
16 verbose request uri https://registry.npmjs.org/npm
17 verbose request no auth needed
18 info attempt registry request try #1 at 4:35:26 PM
19 verbose request id bc6f2434a428eacd
20 http request GET https://registry.npmjs.org/npm
21 http 200 https://registry.npmjs.org/npm
22 silly get cb [ 200,
22 silly get   { date: 'Tue, 31 Dec 2019 00:35:24 GMT',
22 silly get     'content-type': 'application/json',
22 silly get     'transfer-encoding': 'chunked',
22 silly get     connection: 'keep-alive',
22 silly get     'set-cookie': [ '__cfduid=d88865127fbda2378803cbf6055ba2a801577752524; expires=Thu, 30-Jan-20 00:35:24 GMT; path=/; domain=.npmjs.org; HttpOnly; SameSite=Lax' ],
22 silly get     'cf-ray': '54d82c5d5cc0e516-LAX',
22 silly get     age: '1632',
22 silly get     'cache-control': 'public, max-age=300',
22 silly get     etag: 'W/"7c37ffdc9eeb6baf2cf5254cd821f200"',
22 silly get     'last-modified': 'Wed, 11 Dec 2019 19:09:26 GMT',
22 silly get     vary: 'accept-encoding, accept',
22 silly get     'cf-cache-status': 'HIT',
22 silly get     'expect-ct': 'max-age=604800, report-uri="https://report-uri.cloudflare.com/cdn-cgi/beacon/expect-ct"',
22 silly get     server: 'cloudflare',
22 silly get     'content-encoding': 'gzip' } ]
23 verbose get saving npm to C:\Users\CharlesAdams\AppData\Roaming\npm-cache\registry.npmjs.org\npm\.cache.json
24 silly addNameTag next cb for npm with tag lates
25 verbose stack Error: No compatible version found: npm@'lates'
25 verbose stack Valid install targets:
25 verbose stack ["1.1.25","1.2.32","1.3.2","1.3.4","1.2.20","1.2.21","1.2.22","1.2.23","1.2.24","1.2.25","1.2.27","1.2.28","1.2.30","1.2.31","1.3.0","1.3.1","1.2.19","1.1.70","1.1.71","1.3.5","1.3.6","1.3.7","1.3.8","1.3.9","1.3.10","1.3.11","1.3.12","1.3.13","1.3.14","1.3.15","1.3.16","1.3.17","1.3.18","1.3.20","1.3.21","1.3.22","1.3.23","1.3.24","1.3.25","1.3.26","1.4.0","1.4.1","1.4.2","1.4.3","1.4.4","1.4.5","1.4.6","1.4.7","1.4.8","1.4.9","1.4.10","1.4.11","1.4.12","1.4.13","1.4.14","1.4.15","1.4.16","1.2.8000","1.4.17","1.4.18","1.4.19","1.5.0-alpha-0","1.5.0-alpha-1","1.4.20","1.5.0-alpha-2","1.4.21","1.5.0-alpha-3","1.5.0-alpha-4","2.0.0-alpha-5","1.4.22","1.4.23","2.0.0-alpha.6.0","1.4.24","2.0.0-alpha.6","2.0.0-alpha.7","2.0.0-beta.0","1.4.25","2.0.0-beta.1","1.4.26","2.0.0-beta.2","1.4.27","2.0.0-beta.3","1.4.28","2.0.0","2.0.1","2.0.2","2.1.0","2.1.1","2.1.2","2.1.3","2.1.4","2.1.5","2.1.6","2.1.7","2.1.8","2.1.9","2.1.10","2.1.11","2.1.12","2.1.13","2.1.14","2.1.15","2.1.16","2.1.17","2.1.18","2.2.0","2.3.0","2.4.0","2.4.1","2.5.0","2.5.1","2.6.0","2.6.1","2.7.0","2.7.1","2.7.2","2.7.3","2.7.4","2.7.5","2.7.6","2.8.0","2.8.1","2.8.2","2.8.3","2.8.4","2.9.0","2.9.1","2.10.0","2.10.1","2.11.0","2.11.1","2.11.2","2.11.3","2.12.0","3.0.0","2.12.1","2.13.0","3.1.0","2.13.1","3.1.1","3.1.2","2.13.2","3.1.3","2.13.3","3.2.0","2.13.4","3.2.1","2.13.5","3.2.2","2.14.0","3.3.0","2.14.1","2.14.2","3.3.1","2.14.3","3.3.2","2.14.4","3.3.3","2.14.5","3.3.4","2.14.6","3.3.5","3.3.6","2.14.7","2.14.8","3.3.7","3.3.8","3.3.9","3.3.10","2.14.9","3.3.11","1.4.29","3.3.12","2.14.10","3.4.0","3.4.1","2.14.11","2.14.12","3.5.0","3.5.1","2.14.13","2.14.14","3.5.2","2.14.15","3.5.3","3.5.4","3.6.0","2.14.16","2.14.17","3.7.0","3.7.1","3.7.2","2.14.18","3.7.3","2.14.19","2.14.20","3.7.4","3.7.5","2.14.21","3.8.0","2.14.22","3.8.1","3.8.2","2.15.0","2.15.1","3.8.3","2.15.2","3.8.4","3.8.5","3.8.6","2.15.3","3.8.7","2.15.4","3.8.8","3.8.9","2.15.5","3.9.0","3.9.1","2.15.6","3.9.2","3.9.3","3.9.4","3.9.5","3.9.6","3.10.0","2.15.7","3.10.1","2.15.8","3.10.2","3.10.3","3.10.4","2.15.9","3.10.5","3.10.6","3.10.7","2.15.10","3.10.8","2.15.11","3.10.9","4.0.0","4.0.1","4.0.2","3.10.10","4.0.3","4.0.5","4.1.0","4.1.1","4.1.2","4.2.0","4.3.0","4.4.0","4.4.1","4.4.2","4.4.3","4.4.4","4.5.0","2.15.12","4.6.0","4.6.1","5.0.0","5.0.1","5.0.2","5.0.3","5.0.4","5.1.0","5.2.0","5.3.0","5.4.0","5.4.1","5.4.2","5.5.0","5.5.1","5.6.0","5.7.0","5.7.1","5.8.0-next.0","5.8.0","6.0.0-next.0","5.9.0-next.0","5.10.0-next.0","6.0.0-next.1","6.0.0-next.2","6.0.0","6.0.1-next.0","5.10.0-next.1","6.0.1","5.10.0","6.1.0-next.0","6.1.0","6.2.0-next.0","6.2.0-next.1","6.2.0","6.3.0-next.0","6.3.0","6.4.0-next.0","6.4.0","6.4.1-next.0","6.4.1","6.5.0-next.0","6.5.0","6.6.0-next.0","6.6.0-next.1","6.6.0","6.7.0","6.8.0-next.0","6.8.0-next.1","6.8.0-next.2","6.8.0","6.9.0-next.0","6.9.0","6.9.1-next.0","6.9.2","6.10.0-next.0","6.10.0","6.10.1-next.0","6.10.1-next.1","6.10.1-next.2","6.10.1","6.10.2-next.0","6.10.2-next.1","6.10.2-next.2","6.10.2-next.3","6.10.2","6.10.3","6.11.0","6.11.1","6.11.2","6.11.3","6.12.0-next.0","6.12.0","6.12.1","6.13.0","6.13.1","6.13.2","6.13.3","6.13.4"]
25 verbose stack
25 verbose stack     at installTargetsError (C:\Program Files\nodejs\node_modules\npm\lib\cache\add-named.js:259:12)
25 verbose stack     at next (C:\Program Files\nodejs\node_modules\npm\lib\cache\add-named.js:79:10)
25 verbose stack     at RES (C:\Program Files\nodejs\node_modules\npm\node_modules\inflight\inflight.js:23:14)
25 verbose stack     at f (C:\Program Files\nodejs\node_modules\npm\node_modules\once\once.js:17:25)
25 verbose stack     at saved (C:\Program Files\nodejs\node_modules\npm\lib\cache\caching-client.js:173:7)
25 verbose stack     at FSReqWrap.oncomplete (fs.js:95:15)
26 verbose cwd C:\Users\CharlesAdams\desktop\website projects\project014\background-generator
27 error Windows_NT 6.3.9600
28 error argv "C:\\Program Files\\nodejs\\node.exe" "C:\\Program Files\\nodejs\\node_modules\\npm\\bin\\npm-cli.js" "install" "npm@lates" "-g"
29 error node v0.12.2
30 error npm  v2.7.4
31 error code ETARGET
32 error notarget No compatible version found: npm@'lates'
32 error notarget Valid install targets:
32 error notarget ["1.1.25","1.2.32","1.3.2","1.3.4","1.2.20","1.2.21","1.2.22","1.2.23","1.2.24","1.2.25","1.2.27","1.2.28","1.2.30","1.2.31","1.3.0","1.3.1","1.2.19","1.1.70","1.1.71","1.3.5","1.3.6","1.3.7","1.3.8","1.3.9","1.3.10","1.3.11","1.3.12","1.3.13","1.3.14","1.3.15","1.3.16","1.3.17","1.3.18","1.3.20","1.3.21","1.3.22","1.3.23","1.3.24","1.3.25","1.3.26","1.4.0","1.4.1","1.4.2","1.4.3","1.4.4","1.4.5","1.4.6","1.4.7","1.4.8","1.4.9","1.4.10","1.4.11","1.4.12","1.4.13","1.4.14","1.4.15","1.4.16","1.2.8000","1.4.17","1.4.18","1.4.19","1.5.0-alpha-0","1.5.0-alpha-1","1.4.20","1.5.0-alpha-2","1.4.21","1.5.0-alpha-3","1.5.0-alpha-4","2.0.0-alpha-5","1.4.22","1.4.23","2.0.0-alpha.6.0","1.4.24","2.0.0-alpha.6","2.0.0-alpha.7","2.0.0-beta.0","1.4.25","2.0.0-beta.1","1.4.26","2.0.0-beta.2","1.4.27","2.0.0-beta.3","1.4.28","2.0.0","2.0.1","2.0.2","2.1.0","2.1.1","2.1.2","2.1.3","2.1.4","2.1.5","2.1.6","2.1.7","2.1.8","2.1.9","2.1.10","2.1.11","2.1.12","2.1.13","2.1.14","2.1.15","2.1.16","2.1.17","2.1.18","2.2.0","2.3.0","2.4.0","2.4.1","2.5.0","2.5.1","2.6.0","2.6.1","2.7.0","2.7.1","2.7.2","2.7.3","2.7.4","2.7.5","2.7.6","2.8.0","2.8.1","2.8.2","2.8.3","2.8.4","2.9.0","2.9.1","2.10.0","2.10.1","2.11.0","2.11.1","2.11.2","2.11.3","2.12.0","3.0.0","2.12.1","2.13.0","3.1.0","2.13.1","3.1.1","3.1.2","2.13.2","3.1.3","2.13.3","3.2.0","2.13.4","3.2.1","2.13.5","3.2.2","2.14.0","3.3.0","2.14.1","2.14.2","3.3.1","2.14.3","3.3.2","2.14.4","3.3.3","2.14.5","3.3.4","2.14.6","3.3.5","3.3.6","2.14.7","2.14.8","3.3.7","3.3.8","3.3.9","3.3.10","2.14.9","3.3.11","1.4.29","3.3.12","2.14.10","3.4.0","3.4.1","2.14.11","2.14.12","3.5.0","3.5.1","2.14.13","2.14.14","3.5.2","2.14.15","3.5.3","3.5.4","3.6.0","2.14.16","2.14.17","3.7.0","3.7.1","3.7.2","2.14.18","3.7.3","2.14.19","2.14.20","3.7.4","3.7.5","2.14.21","3.8.0","2.14.22","3.8.1","3.8.2","2.15.0","2.15.1","3.8.3","2.15.2","3.8.4","3.8.5","3.8.6","2.15.3","3.8.7","2.15.4","3.8.8","3.8.9","2.15.5","3.9.0","3.9.1","2.15.6","3.9.2","3.9.3","3.9.4","3.9.5","3.9.6","3.10.0","2.15.7","3.10.1","2.15.8","3.10.2","3.10.3","3.10.4","2.15.9","3.10.5","3.10.6","3.10.7","2.15.10","3.10.8","2.15.11","3.10.9","4.0.0","4.0.1","4.0.2","3.10.10","4.0.3","4.0.5","4.1.0","4.1.1","4.1.2","4.2.0","4.3.0","4.4.0","4.4.1","4.4.2","4.4.3","4.4.4","4.5.0","2.15.12","4.6.0","4.6.1","5.0.0","5.0.1","5.0.2","5.0.3","5.0.4","5.1.0","5.2.0","5.3.0","5.4.0","5.4.1","5.4.2","5.5.0","5.5.1","5.6.0","5.7.0","5.7.1","5.8.0-next.0","5.8.0","6.0.0-next.0","5.9.0-next.0","5.10.0-next.0","6.0.0-next.1","6.0.0-next.2","6.0.0","6.0.1-next.0","5.10.0-next.1","6.0.1","5.10.0","6.1.0-next.0","6.1.0","6.2.0-next.0","6.2.0-next.1","6.2.0","6.3.0-next.0","6.3.0","6.4.0-next.0","6.4.0","6.4.1-next.0","6.4.1","6.5.0-next.0","6.5.0","6.6.0-next.0","6.6.0-next.1","6.6.0","6.7.0","6.8.0-next.0","6.8.0-next.1","6.8.0-next.2","6.8.0","6.9.0-next.0","6.9.0","6.9.1-next.0","6.9.2","6.10.0-next.0","6.10.0","6.10.1-next.0","6.10.1-next.1","6.10.1-next.2","6.10.1","6.10.2-next.0","6.10.2-next.1","6.10.2-next.2","6.10.2-next.3","6.10.2","6.10.3","6.11.0","6.11.1","6.11.2","6.11.3","6.12.0-next.0","6.12.0","6.12.1","6.13.0","6.13.1","6.13.2","6.13.3","6.13.4"]
32 error notarget
32 error notarget This is most likely not a problem with npm itself.
32 error notarget In most cases you or one of your dependencies are requesting
32 error notarget a package version that doesn't exist.
33 verbose exit [ 1, true ]
